#
# There is insufficient memory for the Java Runtime Environment to continue.
# Native memory allocation (mmap) failed to map 234881024 bytes for G1 virtual space
# Possible reasons:
#   The system is out of physical RAM or swap space
#   The process is running with CompressedOops enabled, and the Java Heap may be blocking the growth of the native heap
# Possible solutions:
#   Reduce memory load on the system
#   Increase physical memory or swap space
#   Check if swap backing store is full
#   Decrease Java heap size (-Xmx/-Xms)
#   Decrease number of Java threads
#   Decrease Java thread stack sizes (-Xss)
#   Set larger code cache with -XX:ReservedCodeCacheSize=
#   JVM is running with Zero Based Compressed Oops mode in which the Java heap is
#     placed in the first 32GB address space. The Java Heap base address is the
#     maximum limit for the native heap growth. Please use -XX:HeapBaseMinAddress
#     to set the Java Heap base and to place the Java Heap above 32GB virtual address.
# This output file may be truncated or incomplete.
#
#  Out of Memory Error (os_windows.cpp:3548), pid=7436, tid=23460
#
# JRE version:  (17.0.10+11) (build )
# Java VM: Java HotSpot(TM) 64-Bit Server VM (17.0.10+11-LTS-240, mixed mode, sharing, tiered, compressed oops, compressed class ptrs, g1 gc, windows-amd64)
# No core dump will be written. Minidumps are not enabled by default on client versions of Windows
#

---------------  S U M M A R Y ------------

Command Line: 

Host: AMD Ryzen 5 3500U with Radeon Vega Mobile Gfx  , 8 cores, 13G,  Windows 11 , 64 bit Build 22621 (10.0.22621.3672)
Time: Sat Jun 15 12:19:25 2024 Nepal Standard Time elapsed time: 0.025319 seconds (0d 0h 0m 0s)

---------------  T H R E A D  ---------------

Current thread (0x000001907a339fd0):  JavaThread "Unknown thread" [_thread_in_vm, id=23460, stack(0x000000021be00000,0x000000021bf00000)]

Stack: [0x000000021be00000,0x000000021bf00000]
Native frames: (J=compiled Java code, j=interpreted, Vv=VM code, C=native code)
V  [jvm.dll+0x677a5a]
V  [jvm.dll+0x7d8b2d]
V  [jvm.dll+0x7da48e]
V  [jvm.dll+0x7daaf3]
V  [jvm.dll+0x2455ff]
V  [jvm.dll+0x6749b9]
V  [jvm.dll+0x669382]
V  [jvm.dll+0x302e96]
V  [jvm.dll+0x30a416]
V  [jvm.dll+0x359cbe]
V  [jvm.dll+0x359eef]
V  [jvm.dll+0x2d9e88]
V  [jvm.dll+0x2dadf4]
V  [jvm.dll+0x7aa551]
V  [jvm.dll+0x367911]
V  [jvm.dll+0x789639]
V  [jvm.dll+0x3eb30f]
V  [jvm.dll+0x3ecd91]
C  [jli.dll+0x5297]
C  [ucrtbase.dll+0x29333]
C  [KERNEL32.DLL+0x1257d]
C  [ntdll.dll+0x5af28]


---------------  P R O C E S S  ---------------

Threads class SMR info:
_java_thread_list=0x00007ff9079e6a18, length=0, elements={
}

Java Threads: ( => current thread )

Other Threads:
  0x000001907c5a87f0 GCTaskThread "GC Thread#0" [stack: 0x000000021bf00000,0x000000021c000000] [id=17440]
  0x000001907c5b7580 ConcurrentGCThread "G1 Main Marker" [stack: 0x000000021c000000,0x000000021c100000] [id=12344]
  0x000001907c5b9740 ConcurrentGCThread "G1 Conc#0" [stack: 0x000000021c100000,0x000000021c200000] [id=14780]

[error occurred during error reporting (printing all threads), id 0xc0000005, EXCEPTION_ACCESS_VIOLATION (0xc0000005) at pc=0x00007ff90721aae7]

VM state: not at safepoint (not fully initialized)

VM Mutex/Monitor currently owned by a thread:  ([mutex/lock_event])
[0x000001907c548b00] Heap_lock - owner thread: 0x000001907a339fd0

Heap address: 0x0000000721c00000, size: 3556 MB, Compressed Oops mode: Zero based, Oop shift amount: 3

CDS archive(s) mapped at: [0x0000000000000000-0x0000000000000000-0x0000000000000000), size 0, SharedBaseAddress: 0x0000000800000000, ArchiveRelocationMode: 1.
Narrow klass base: 0x0000000000000000, Narrow klass shift: 0, Narrow klass range: 0x0

GC Precious Log:
<Empty>

Heap:
 garbage-first heap   total 0K, used 0K [0x0000000721c00000, 0x0000000800000000)
  region size 2048K, 0 young (0K), 0 survivors (0K)

[error occurred during error reporting (printing heap information), id 0xc0000005, EXCEPTION_ACCESS_VIOLATION (0xc0000005) at pc=0x00007ff907601249]

GC Heap History (0 events):
No events

Deoptimization events (0 events):
No events

Classes unloaded (0 events):
No events

Classes redefined (0 events):
No events

Internal exceptions (0 events):
No events

VM Operations (0 events):
No events

Events (1 events):
Event: 0.016 Loaded shared library C:\Program Files\Java\jdk-17\bin\java.dll


Dynamic libraries:
0x00007ff651d80000 - 0x00007ff651d90000 	C:\Program Files\Java\jdk-17\bin\java.exe
0x00007ff9978d0000 - 0x00007ff997ae7000 	C:\WINDOWS\SYSTEM32\ntdll.dll
0x00007ff9955e0000 - 0x00007ff9956a4000 	C:\WINDOWS\System32\KERNEL32.DLL
0x00007ff994e30000 - 0x00007ff9951dc000 	C:\WINDOWS\System32\KERNELBASE.dll
0x00007ff9951e0000 - 0x00007ff9952f1000 	C:\WINDOWS\System32\ucrtbase.dll
0x00007ff991610000 - 0x00007ff991629000 	C:\Program Files\Java\jdk-17\bin\jli.dll
0x00007ff9915f0000 - 0x00007ff99160b000 	C:\Program Files\Java\jdk-17\bin\VCRUNTIME140.dll
0x00007ff9976f0000 - 0x00007ff9977a2000 	C:\WINDOWS\System32\ADVAPI32.dll
0x00007ff996610000 - 0x00007ff9966b7000 	C:\WINDOWS\System32\msvcrt.dll
0x00007ff996530000 - 0x00007ff9965da000 	C:\WINDOWS\System32\sechost.dll
0x00007ff995380000 - 0x00007ff9953a8000 	C:\WINDOWS\System32\bcrypt.dll
0x00007ff996880000 - 0x00007ff996995000 	C:\WINDOWS\System32\RPCRT4.dll
0x00007ff9966c0000 - 0x00007ff99686e000 	C:\WINDOWS\System32\USER32.dll
0x00007ff994cf0000 - 0x00007ff994d16000 	C:\WINDOWS\System32\win32u.dll
0x00007ff97a1b0000 - 0x00007ff97a443000 	C:\WINDOWS\WinSxS\amd64_microsoft.windows.common-controls_6595b64144ccf1df_6.0.22621.3672_none_2713b9d173822955\COMCTL32.dll
0x00007ff996f90000 - 0x00007ff996fb9000 	C:\WINDOWS\System32\GDI32.dll
0x00007ff994bd0000 - 0x00007ff994ce9000 	C:\WINDOWS\System32\gdi32full.dll
0x00007ff994d90000 - 0x00007ff994e2a000 	C:\WINDOWS\System32\msvcp_win.dll
0x00007ff988e20000 - 0x00007ff988e2a000 	C:\WINDOWS\SYSTEM32\VERSION.dll
0x00007ff9971a0000 - 0x00007ff9971d1000 	C:\WINDOWS\System32\IMM32.DLL
0x00007ff9915e0000 - 0x00007ff9915ec000 	C:\Program Files\Java\jdk-17\bin\vcruntime140_1.dll
0x00007ff907b10000 - 0x00007ff907b9e000 	C:\Program Files\Java\jdk-17\bin\msvcp140.dll
0x00007ff906f30000 - 0x00007ff907b0f000 	C:\Program Files\Java\jdk-17\bin\server\jvm.dll
0x00007ff996600000 - 0x00007ff996608000 	C:\WINDOWS\System32\PSAPI.DLL
0x00007ff977e40000 - 0x00007ff977e49000 	C:\WINDOWS\SYSTEM32\WSOCK32.dll
0x00007ff991a10000 - 0x00007ff991a44000 	C:\WINDOWS\SYSTEM32\WINMM.dll
0x00007ff997120000 - 0x00007ff997191000 	C:\WINDOWS\System32\WS2_32.dll
0x00007ff993c00000 - 0x00007ff993c18000 	C:\WINDOWS\SYSTEM32\kernel.appcore.dll
0x00007ff9894e0000 - 0x00007ff9894ea000 	C:\Program Files\Java\jdk-17\bin\jimage.dll
0x00007ff9924c0000 - 0x00007ff9926f2000 	C:\WINDOWS\SYSTEM32\DBGHELP.DLL
0x00007ff9971e0000 - 0x00007ff997568000 	C:\WINDOWS\System32\combase.dll
0x00007ff995a00000 - 0x00007ff995ad7000 	C:\WINDOWS\System32\OLEAUT32.dll
0x00007ff9919d0000 - 0x00007ff991a02000 	C:\WINDOWS\SYSTEM32\dbgcore.DLL
0x00007ff995300000 - 0x00007ff99537b000 	C:\WINDOWS\System32\bcryptPrimitives.dll
0x00007ff9894b0000 - 0x00007ff9894d5000 	C:\Program Files\Java\jdk-17\bin\java.dll

dbghelp: loaded successfully - version: 4.0.5 - missing functions: none
symbol engine: initialized successfully - sym options: 0x614 - pdb path: .;C:\Program Files\Java\jdk-17\bin;C:\WINDOWS\SYSTEM32;C:\WINDOWS\WinSxS\amd64_microsoft.windows.common-controls_6595b64144ccf1df_6.0.22621.3672_none_2713b9d173822955;C:\Program Files\Java\jdk-17\bin\server

VM Arguments:
java_command: <unknown>
java_class_path (initial): <not set>
Launcher Type: SUN_STANDARD

[Global flags]
     intx CICompilerCount                          = 4                                         {product} {ergonomic}
     uint ConcGCThreads                            = 2                                         {product} {ergonomic}
     uint G1ConcRefinementThreads                  = 8                                         {product} {ergonomic}
   size_t G1HeapRegionSize                         = 2097152                                   {product} {ergonomic}
    uintx GCDrainStackTargetSize                   = 64                                        {product} {ergonomic}
   size_t InitialHeapSize                          = 234881024                                 {product} {ergonomic}
   size_t MarkStackSize                            = 4194304                                   {product} {ergonomic}
   size_t MaxHeapSize                              = 3728736256                                {product} {ergonomic}
   size_t MinHeapDeltaBytes                        = 2097152                                   {product} {ergonomic}
   size_t MinHeapSize                              = 8388608                                   {product} {ergonomic}
    uintx NonNMethodCodeHeapSize                   = 5839372                                {pd product} {ergonomic}
    uintx NonProfiledCodeHeapSize                  = 122909434                              {pd product} {ergonomic}
    uintx ProfiledCodeHeapSize                     = 122909434                              {pd product} {ergonomic}
    uintx ReservedCodeCacheSize                    = 251658240                              {pd product} {ergonomic}
     bool SegmentedCodeCache                       = true                                      {product} {ergonomic}
   size_t SoftMaxHeapSize                          = 3728736256                             {manageable} {ergonomic}
     bool UseCompressedClassPointers               = true                           {product lp64_product} {ergonomic}
     bool UseCompressedOops                        = true                           {product lp64_product} {ergonomic}
     bool UseG1GC                                  = true                                      {product} {ergonomic}
     bool UseLargePagesIndividualAllocation        = false                                  {pd product} {ergonomic}

Logging:
Log output configuration:
 #0: stdout all=warning uptime,level,tags
 #1: stderr all=off uptime,level,tags

Environment Variables:
PATH=D:\Amnil\React Native\AmnilTask\node_modules\.bin;D:\Amnil\React Native\AmnilTask\node_modules\.bin;D:\Amnil\React Native\node_modules\.bin;D:\Amnil\node_modules\.bin;D:\node_modules\.bin;C:\Users\sh_bi\AppData\Roaming\nvm\v18.18.0\node_modules\npm\node_modules\@npmcli\run-script\lib\node-gyp-bin;D:\Amnil\React Native\AmnilTask\node_modules\.bin;D:\Amnil\React Native\AmnilTask\node_modules\.bin;D:\Amnil\React Native\node_modules\.bin;D:\Amnil\node_modules\.bin;D:\node_modules\.bin;C:\Users\sh_bi\AppData\Roaming\nvm\v18.18.0\node_modules\npm\node_modules\@npmcli\run-script\lib\node-gyp-bin;C:\Program Files\Common Files\Oracle\Java\javapath;D:\Software\WINDOWS.X64_193000_db_home\bin;C:\WINDOWS\system32;C:\WINDOWS;C:\WINDOWS\System32\Wbem;C:\WINDOWS\System32\WindowsPowerShell\v1.0\;C:\WINDOWS\System32\OpenSSH\;C:\Program Files\CodeBlocks\MinGW\bin;C:\MinGW\bin;C:\Program Files\MongoDB\Server\6.0\bin;C:\Program Files (x86)\GnuWin32\bin;C:\Program Files\dotnet\;E:\flutter\bin;C:\Users\sh_bi\AppData\Local\Android\Sdk\tools;C:\Users\sh_bi\AppData\Local\Android\Sdk\platform-tools;C:\Program Files\Git\cmd;C:\Users\sh_bi\AppData\Local\Programs\Microsoft VS Code\bin;C:\Program Files\Java\jdk-17\bin;C:\Users\sh_bi\AppData\Roaming\nvm;C:\Program Files\nodejs;C:\Program Files\Common Files\Oracle\Java\javapath;C:\Program Files\Microsoft\jdk-11.0.16.101-hotspot\bin;C:\WINDOWS\system32;C:\WINDOWS;C:\WINDOWS\System32\Wbem;C:\WINDOWS\System32\WindowsPowerShell\v1.0\;C:\WINDOWS\System32\OpenSSH\;C:\Program Files\Git\cmd;C:\Program Files\CodeBlocks\MinGW\bin;C:\MinGW\bin;C:\Program Files\Microsoft SQL Server\150\Tools\Binn\;C:\Program Files\MongoDB\Server\6.0\bin;C:\Program Files (x86)\Microsoft SQL Server\110\Tools\Binn\;C:\Program Files\Microsoft SQL Server\110\Tools\Binn\;C:\Program Files\Microsoft SQL Server\110\DTS\Binn\;C:\Program Files (x86)\Microsoft SQL Server\110\Tools\Binn\ManagementStudio\;C:\Program Files (x86)\Microsoft SQL Server\110\DTS\Binn\;C:\Program Files (x86)\Gnu
USERNAME=sh_bi
LANG=en_US.UTF-8
OS=Windows_NT
PROCESSOR_IDENTIFIER=AMD64 Family 23 Model 24 Stepping 1, AuthenticAMD



---------------  S Y S T E M  ---------------

OS:
 Windows 11 , 64 bit Build 22621 (10.0.22621.3672)
OS uptime: 0 days 1:25 hours

CPU: total 8 (initial active 8) (8 cores per cpu, 2 threads per core) family 23 model 24 stepping 1 microcode 0x0, cx8, cmov, fxsr, ht, mmx, 3dnowpref, sse, sse2, sse3, ssse3, sse4a, sse4.1, sse4.2, popcnt, lzcnt, tsc, tscinvbit, avx, avx2, aes, clmul, bmi1, bmi2, adx, sha, fma, vzeroupper, clflush, clflushopt

Memory: 4k page, system-wide physical 14222M (1837M free)
TotalPageFile size 27596M (AvailPageFile size 22M)
current process WorkingSet (physical memory assigned to process): 11M, peak: 11M
current process commit charge ("private bytes"): 60M, peak: 284M

vm_info: Java HotSpot(TM) 64-Bit Server VM (17.0.10+11-LTS-240) for windows-amd64 JRE (17.0.10+11-LTS-240), built on Dec 19 2023 21:47:25 by "mach5one" with MS VC++ 17.1 (VS2022)

END.
